17-Dec-2025 14:24:17.796 INFO [main] org.apache.catalina.startup.VersionLoggerListener.log Nombre de la versión del servidor: Apache Tomcat/9.0.112
17-Dec-2025 14:24:17.800 INFO [main] org.apache.catalina.startup.VersionLoggerListener.log Server built:                      Nov 6 2025 07:46:18 UTC
17-Dec-2025 14:24:17.801 INFO [main] org.apache.catalina.startup.VersionLoggerListener.log Número de versión de servidor:     9.0.112.0
17-Dec-2025 14:24:17.801 INFO [main] org.apache.catalina.startup.VersionLoggerListener.log OS Name:                           Windows 11
17-Dec-2025 14:24:17.801 INFO [main] org.apache.catalina.startup.VersionLoggerListener.log Versión de Systema Operativo:      10.0
17-Dec-2025 14:24:17.801 INFO [main] org.apache.catalina.startup.VersionLoggerListener.log Arquitectura:                      amd64
17-Dec-2025 14:24:17.801 INFO [main] org.apache.catalina.startup.VersionLoggerListener.log Java Home:                         C:\Users\jjnam\.jdks\openjdk-25
17-Dec-2025 14:24:17.801 INFO [main] org.apache.catalina.startup.VersionLoggerListener.log JVM Version:                       25+36-3489
17-Dec-2025 14:24:17.801 INFO [main] org.apache.catalina.startup.VersionLoggerListener.log Vededor JVM:                       Oracle Corporation
17-Dec-2025 14:24:17.801 INFO [main] org.apache.catalina.startup.VersionLoggerListener.log CATALINA_BASE:                     C:\Users\jjnam\Desktop\PiononosFactory\src\main\webapp
17-Dec-2025 14:24:17.801 INFO [main] org.apache.catalina.startup.VersionLoggerListener.log CATALINA_HOME:                     C:\Users\jjnam\Documents\apache-tomcat-9.0.112
17-Dec-2025 14:24:17.809 INFO [main] org.apache.catalina.startup.VersionLoggerListener.log Command line argument:             --add-opens=java.base/java.lang=ALL-UNNAMED
17-Dec-2025 14:24:17.809 INFO [main] org.apache.catalina.startup.VersionLoggerListener.log Command line argument:             --add-opens=java.base/java.io=ALL-UNNAMED
17-Dec-2025 14:24:17.809 INFO [main] org.apache.catalina.startup.VersionLoggerListener.log Command line argument:             --add-opens=java.base/java.util=ALL-UNNAMED
17-Dec-2025 14:24:17.809 INFO [main] org.apache.catalina.startup.VersionLoggerListener.log Command line argument:             --add-opens=java.base/java.util.concurrent=ALL-UNNAMED
17-Dec-2025 14:24:17.810 INFO [main] org.apache.catalina.startup.VersionLoggerListener.log Command line argument:             --add-opens=java.rmi/sun.rmi.transport=ALL-UNNAMED
17-Dec-2025 14:24:17.810 INFO [main] org.apache.catalina.startup.VersionLoggerListener.log Command line argument:             -Dcatalina.home=C:\Users\jjnam\Documents\apache-tomcat-9.0.112
17-Dec-2025 14:24:17.810 INFO [main] org.apache.catalina.startup.VersionLoggerListener.log Command line argument:             -Dcatalina.base=C:\Users\jjnam\Desktop\PiononosFactory\src\main\webapp
17-Dec-2025 14:24:17.810 INFO [main] org.apache.catalina.startup.VersionLoggerListener.log Command line argument:             -Djava.io.tmpdir=C:\Users\jjnam\Desktop\PiononosFactory\src\main\webapp\temp
17-Dec-2025 14:24:17.810 INFO [main] org.apache.catalina.startup.VersionLoggerListener.log Command line argument:             -Djava.util.logging.config.file=C:\Users\jjnam\Desktop\PiononosFactory\src\main\webapp\conf\logging.properties
17-Dec-2025 14:24:17.811 INFO [main] org.apache.catalina.startup.VersionLoggerListener.log Command line argument:             -Djava.util.logging.manager=org.apache.juli.ClassLoaderLogManager
17-Dec-2025 14:24:17.811 INFO [main] org.apache.catalina.startup.VersionLoggerListener.log Command line argument:             -javaagent:C:\Program Files\JetBrains\IntelliJ IDEA Community Edition 2025.2.3\lib\idea_rt.jar=59579
17-Dec-2025 14:24:17.811 INFO [main] org.apache.catalina.startup.VersionLoggerListener.log Command line argument:             -Dfile.encoding=UTF-8
17-Dec-2025 14:24:17.811 INFO [main] org.apache.catalina.startup.VersionLoggerListener.log Command line argument:             -Dsun.stdout.encoding=UTF-8
17-Dec-2025 14:24:17.811 INFO [main] org.apache.catalina.startup.VersionLoggerListener.log Command line argument:             -Dsun.stderr.encoding=UTF-8
17-Dec-2025 14:24:17.821 INFO [main] org.apache.catalina.core.AprLifecycleListener.lifecycleEvent La biblioteca nativa de Apache Tomcat basada en ARP que permite un rendimiento óptimo en entornos de desarrollo no ha sido hallada en java.library.path: [C:\Users\jjnam\.jdks\openjdk-25\bin;C:\WINDOWS\Sun\Java\bin;C:\WINDOWS\system32;C:\WINDOWS;C:\Program Files\Common Files\Oracle\Java\javapath;C:\WINDOWS\system32;C:\WINDOWS;C:\WINDOWS\System32\Wbem;C:\WINDOWS\System32\WindowsPowerShell\v1.0\;C:\WINDOWS\System32\OpenSSH\;C:\Program Files\Git\cmd;C:\Program Files\Autofirma\Autofirma;C:\Program Files\dotnet\;C:\Program Files\Microsoft SQL Server\150\Tools\Binn\;C:\Program Files\Microsoft SQL Server\Client SDK\ODBC\170\Tools\Binn\;C:\Users\jjnam\AppData\Local\Microsoft\WindowsApps;C:\Users\jjnam\AppData\Roaming\npm;C:\Users\jjnam\AppData\Local\Programs\Microsoft VS Code\bin;C:\Users\jjnam\AppData\Local\gitkraken\bin;C:\Users\jjnam\AppData\Local\Android\Sdk\emulator;C:\Users\jjnam\.dotnet\tools;C:\Users\jjnam\AppData\Local\nvm;C:\nvm4w\nodejs;C:\Users\jjnam\AppData\Local\nvm;C:\nvm4w\nodejs;C:\Users\jjnam\AppData\Local\nvm;C:\nvm4w\nodejs;;.]
17-Dec-2025 14:24:18.129 INFO [main] org.apache.coyote.AbstractProtocol.init Inicializando el manejador de protocolo ["http-nio-8080"]

17-Dec-2025 14:24:18.143 INFO [main] org.apache.catalina.startup.Catalina.load Server initialization in [536] milliseconds
17-Dec-2025 14:24:18.190 INFO [main] org.apache.catalina.core.StandardService.startInternal Arrancando servicio [Catalina]
17-Dec-2025 14:24:18.192 INFO [main] org.apache.catalina.core.StandardEngine.startInternal Starting Servlet engine: [Apache Tomcat/9.0.112]
17-Dec-2025 14:24:18.212 INFO [main] org.apache.catalina.startup.HostConfig.deployDescriptor Desplieque del descriptor de configuración [C:\Users\jjnam\Desktop\PiononosFactory\src\main\webapp\conf\Catalina\localhost\ROOT.xml]
17-Dec-2025 14:24:18.760 INFO [main] org.apache.jasper.servlet.TldScanner.scanJars Al menos un JAR, que se ha explorado buscando TLDs, aún no contenía TLDs. Activar historial de depuración para este historiador para una completa lista de los JARs que fueron explorados y de los que nos se halló TLDs. Saltarse JARs no necesarios durante la exploración puede dar lugar a una mejora de tiempo significativa en el arranque y compilación de JSP .
17-Dec-2025 14:24:18.828 INFO [main] org.apache.catalina.startup.HostConfig.deployDescriptor Deployment of deployment descriptor [C:\Users\jjnam\Desktop\PiononosFactory\src\main\webapp\conf\Catalina\localhost\ROOT.xml] has finished in [610] ms
17-Dec-2025 14:24:18.832 INFO [main] org.apache.coyote.AbstractProtocol.start Starting ProtocolHandler ["http-nio-8080"]
17-Dec-2025 14:24:18.867 INFO [main] org.apache.catalina.startup.Catalina.start Server startup in [721] milliseconds
17-Dec-2025 14:26:27.760 INFO [Thread-1] org.apache.coyote.AbstractProtocol.pause Pausing ProtocolHandler ["http-nio-8080"]
17-Dec-2025 14:26:27.787 INFO [Thread-1] org.apache.catalina.core.StandardService.stopInternal Parando servicio [Catalina]
17-Dec-2025 14:26:27.797 INFO [Thread-1] org.apache.coyote.AbstractProtocol.stop Stopping ProtocolHandler ["http-nio-8080"]
17-Dec-2025 14:26:27.810 INFO [Thread-1] org.apache.coyote.AbstractProtocol.destroy Destroying ProtocolHandler ["http-nio-8080"]
17-Dec-2025 14:26:32.854 INFO [main] org.apache.catalina.startup.VersionLoggerListener.log Nombre de la versión del servidor: Apache Tomcat/9.0.112
17-Dec-2025 14:26:32.856 INFO [main] org.apache.catalina.startup.VersionLoggerListener.log Server built:                      Nov 6 2025 07:46:18 UTC
17-Dec-2025 14:26:32.857 INFO [main] org.apache.catalina.startup.VersionLoggerListener.log Número de versión de servidor:     9.0.112.0
17-Dec-2025 14:26:32.857 INFO [main] org.apache.catalina.startup.VersionLoggerListener.log OS Name:                           Windows 11
17-Dec-2025 14:26:32.857 INFO [main] org.apache.catalina.startup.VersionLoggerListener.log Versión de Systema Operativo:      10.0
17-Dec-2025 14:26:32.857 INFO [main] org.apache.catalina.startup.VersionLoggerListener.log Arquitectura:                      amd64
17-Dec-2025 14:26:32.857 INFO [main] org.apache.catalina.startup.VersionLoggerListener.log Java Home:                         C:\Users\jjnam\.jdks\openjdk-25
17-Dec-2025 14:26:32.857 INFO [main] org.apache.catalina.startup.VersionLoggerListener.log JVM Version:                       25+36-3489
17-Dec-2025 14:26:32.857 INFO [main] org.apache.catalina.startup.VersionLoggerListener.log Vededor JVM:                       Oracle Corporation
17-Dec-2025 14:26:32.857 INFO [main] org.apache.catalina.startup.VersionLoggerListener.log CATALINA_BASE:                     C:\Users\jjnam\Desktop\PiononosFactory\src\main\webapp
17-Dec-2025 14:26:32.857 INFO [main] org.apache.catalina.startup.VersionLoggerListener.log CATALINA_HOME:                     C:\Users\jjnam\Documents\apache-tomcat-9.0.112
17-Dec-2025 14:26:32.863 INFO [main] org.apache.catalina.startup.VersionLoggerListener.log Command line argument:             --add-opens=java.base/java.lang=ALL-UNNAMED
17-Dec-2025 14:26:32.864 INFO [main] org.apache.catalina.startup.VersionLoggerListener.log Command line argument:             --add-opens=java.base/java.io=ALL-UNNAMED
17-Dec-2025 14:26:32.864 INFO [main] org.apache.catalina.startup.VersionLoggerListener.log Command line argument:             --add-opens=java.base/java.util=ALL-UNNAMED
17-Dec-2025 14:26:32.864 INFO [main] org.apache.catalina.startup.VersionLoggerListener.log Command line argument:             --add-opens=java.base/java.util.concurrent=ALL-UNNAMED
17-Dec-2025 14:26:32.864 INFO [main] org.apache.catalina.startup.VersionLoggerListener.log Command line argument:             --add-opens=java.rmi/sun.rmi.transport=ALL-UNNAMED
17-Dec-2025 14:26:32.864 INFO [main] org.apache.catalina.startup.VersionLoggerListener.log Command line argument:             -Dcatalina.home=C:\Users\jjnam\Documents\apache-tomcat-9.0.112
17-Dec-2025 14:26:32.864 INFO [main] org.apache.catalina.startup.VersionLoggerListener.log Command line argument:             -Dcatalina.base=C:\Users\jjnam\Desktop\PiononosFactory\src\main\webapp
17-Dec-2025 14:26:32.864 INFO [main] org.apache.catalina.startup.VersionLoggerListener.log Command line argument:             -Djava.io.tmpdir=C:\Users\jjnam\Desktop\PiononosFactory\src\main\webapp\temp
17-Dec-2025 14:26:32.864 INFO [main] org.apache.catalina.startup.VersionLoggerListener.log Command line argument:             -Djava.util.logging.config.file=C:\Users\jjnam\Desktop\PiononosFactory\src\main\webapp\conf\logging.properties
17-Dec-2025 14:26:32.864 INFO [main] org.apache.catalina.startup.VersionLoggerListener.log Command line argument:             -Djava.util.logging.manager=org.apache.juli.ClassLoaderLogManager
17-Dec-2025 14:26:32.864 INFO [main] org.apache.catalina.startup.VersionLoggerListener.log Command line argument:             -javaagent:C:\Program Files\JetBrains\IntelliJ IDEA Community Edition 2025.2.3\lib\idea_rt.jar=57303
17-Dec-2025 14:26:32.864 INFO [main] org.apache.catalina.startup.VersionLoggerListener.log Command line argument:             -Dfile.encoding=UTF-8
17-Dec-2025 14:26:32.864 INFO [main] org.apache.catalina.startup.VersionLoggerListener.log Command line argument:             -Dsun.stdout.encoding=UTF-8
17-Dec-2025 14:26:32.866 INFO [main] org.apache.catalina.startup.VersionLoggerListener.log Command line argument:             -Dsun.stderr.encoding=UTF-8
17-Dec-2025 14:26:32.872 INFO [main] org.apache.catalina.core.AprLifecycleListener.lifecycleEvent La biblioteca nativa de Apache Tomcat basada en ARP que permite un rendimiento óptimo en entornos de desarrollo no ha sido hallada en java.library.path: [C:\Users\jjnam\.jdks\openjdk-25\bin;C:\WINDOWS\Sun\Java\bin;C:\WINDOWS\system32;C:\WINDOWS;C:\Program Files\Common Files\Oracle\Java\javapath;C:\WINDOWS\system32;C:\WINDOWS;C:\WINDOWS\System32\Wbem;C:\WINDOWS\System32\WindowsPowerShell\v1.0\;C:\WINDOWS\System32\OpenSSH\;C:\Program Files\Git\cmd;C:\Program Files\Autofirma\Autofirma;C:\Program Files\dotnet\;C:\Program Files\Microsoft SQL Server\150\Tools\Binn\;C:\Program Files\Microsoft SQL Server\Client SDK\ODBC\170\Tools\Binn\;C:\Users\jjnam\AppData\Local\Microsoft\WindowsApps;C:\Users\jjnam\AppData\Roaming\npm;C:\Users\jjnam\AppData\Local\Programs\Microsoft VS Code\bin;C:\Users\jjnam\AppData\Local\gitkraken\bin;C:\Users\jjnam\AppData\Local\Android\Sdk\emulator;C:\Users\jjnam\.dotnet\tools;C:\Users\jjnam\AppData\Local\nvm;C:\nvm4w\nodejs;C:\Users\jjnam\AppData\Local\nvm;C:\nvm4w\nodejs;C:\Users\jjnam\AppData\Local\nvm;C:\nvm4w\nodejs;;.]
17-Dec-2025 14:26:33.208 INFO [main] org.apache.coyote.AbstractProtocol.init Inicializando el manejador de protocolo ["http-nio-8080"]

17-Dec-2025 14:26:33.225 INFO [main] org.apache.catalina.startup.Catalina.load Server initialization in [576] milliseconds
17-Dec-2025 14:26:33.265 INFO [main] org.apache.catalina.core.StandardService.startInternal Arrancando servicio [Catalina]
17-Dec-2025 14:26:33.265 INFO [main] org.apache.catalina.core.StandardEngine.startInternal Starting Servlet engine: [Apache Tomcat/9.0.112]
17-Dec-2025 14:26:33.277 INFO [main] org.apache.catalina.startup.HostConfig.deployDescriptor Desplieque del descriptor de configuración [C:\Users\jjnam\Desktop\PiononosFactory\src\main\webapp\conf\Catalina\localhost\ROOT.xml]
17-Dec-2025 14:26:33.752 INFO [main] org.apache.jasper.servlet.TldScanner.scanJars Al menos un JAR, que se ha explorado buscando TLDs, aún no contenía TLDs. Activar historial de depuración para este historiador para una completa lista de los JARs que fueron explorados y de los que nos se halló TLDs. Saltarse JARs no necesarios durante la exploración puede dar lugar a una mejora de tiempo significativa en el arranque y compilación de JSP .
17-Dec-2025 14:26:33.810 INFO [main] org.apache.catalina.startup.HostConfig.deployDescriptor Deployment of deployment descriptor [C:\Users\jjnam\Desktop\PiononosFactory\src\main\webapp\conf\Catalina\localhost\ROOT.xml] has finished in [528] ms
17-Dec-2025 14:26:33.814 INFO [main] org.apache.coyote.AbstractProtocol.start Starting ProtocolHandler ["http-nio-8080"]
17-Dec-2025 14:26:33.845 INFO [main] org.apache.catalina.startup.Catalina.start Server startup in [617] milliseconds
17-Dec-2025 14:28:22.749 INFO [Thread-1] org.apache.coyote.AbstractProtocol.pause Pausing ProtocolHandler ["http-nio-8080"]
17-Dec-2025 14:28:22.778 INFO [Thread-1] org.apache.catalina.core.StandardService.stopInternal Parando servicio [Catalina]
17-Dec-2025 14:28:22.793 INFO [Thread-1] org.apache.coyote.AbstractProtocol.stop Stopping ProtocolHandler ["http-nio-8080"]
17-Dec-2025 14:28:22.801 INFO [Thread-1] org.apache.coyote.AbstractProtocol.destroy Destroying ProtocolHandler ["http-nio-8080"]
17-Dec-2025 14:28:29.541 INFO [main] org.apache.catalina.startup.VersionLoggerListener.log Nombre de la versión del servidor: Apache Tomcat/9.0.112
17-Dec-2025 14:28:29.544 INFO [main] org.apache.catalina.startup.VersionLoggerListener.log Server built:                      Nov 6 2025 07:46:18 UTC
17-Dec-2025 14:28:29.544 INFO [main] org.apache.catalina.startup.VersionLoggerListener.log Número de versión de servidor:     9.0.112.0
17-Dec-2025 14:28:29.546 INFO [main] org.apache.catalina.startup.VersionLoggerListener.log OS Name:                           Windows 11
17-Dec-2025 14:28:29.546 INFO [main] org.apache.catalina.startup.VersionLoggerListener.log Versión de Systema Operativo:      10.0
17-Dec-2025 14:28:29.546 INFO [main] org.apache.catalina.startup.VersionLoggerListener.log Arquitectura:                      amd64
17-Dec-2025 14:28:29.546 INFO [main] org.apache.catalina.startup.VersionLoggerListener.log Java Home:                         C:\Users\jjnam\.jdks\openjdk-25
17-Dec-2025 14:28:29.546 INFO [main] org.apache.catalina.startup.VersionLoggerListener.log JVM Version:                       25+36-3489
17-Dec-2025 14:28:29.547 INFO [main] org.apache.catalina.startup.VersionLoggerListener.log Vededor JVM:                       Oracle Corporation
17-Dec-2025 14:28:29.547 INFO [main] org.apache.catalina.startup.VersionLoggerListener.log CATALINA_BASE:                     C:\Users\jjnam\Desktop\PiononosFactory\src\main\webapp
17-Dec-2025 14:28:29.547 INFO [main] org.apache.catalina.startup.VersionLoggerListener.log CATALINA_HOME:                     C:\Users\jjnam\Documents\apache-tomcat-9.0.112
17-Dec-2025 14:28:29.555 INFO [main] org.apache.catalina.startup.VersionLoggerListener.log Command line argument:             --add-opens=java.base/java.lang=ALL-UNNAMED
17-Dec-2025 14:28:29.555 INFO [main] org.apache.catalina.startup.VersionLoggerListener.log Command line argument:             --add-opens=java.base/java.io=ALL-UNNAMED
17-Dec-2025 14:28:29.555 INFO [main] org.apache.catalina.startup.VersionLoggerListener.log Command line argument:             --add-opens=java.base/java.util=ALL-UNNAMED
17-Dec-2025 14:28:29.555 INFO [main] org.apache.catalina.startup.VersionLoggerListener.log Command line argument:             --add-opens=java.base/java.util.concurrent=ALL-UNNAMED
17-Dec-2025 14:28:29.555 INFO [main] org.apache.catalina.startup.VersionLoggerListener.log Command line argument:             --add-opens=java.rmi/sun.rmi.transport=ALL-UNNAMED
17-Dec-2025 14:28:29.555 INFO [main] org.apache.catalina.startup.VersionLoggerListener.log Command line argument:             -Dcatalina.home=C:\Users\jjnam\Documents\apache-tomcat-9.0.112
17-Dec-2025 14:28:29.555 INFO [main] org.apache.catalina.startup.VersionLoggerListener.log Command line argument:             -Dcatalina.base=C:\Users\jjnam\Desktop\PiononosFactory\src\main\webapp
17-Dec-2025 14:28:29.557 INFO [main] org.apache.catalina.startup.VersionLoggerListener.log Command line argument:             -Djava.io.tmpdir=C:\Users\jjnam\Desktop\PiononosFactory\src\main\webapp\temp
17-Dec-2025 14:28:29.557 INFO [main] org.apache.catalina.startup.VersionLoggerListener.log Command line argument:             -Djava.util.logging.config.file=C:\Users\jjnam\Desktop\PiononosFactory\src\main\webapp\conf\logging.properties
17-Dec-2025 14:28:29.557 INFO [main] org.apache.catalina.startup.VersionLoggerListener.log Command line argument:             -Djava.util.logging.manager=org.apache.juli.ClassLoaderLogManager
17-Dec-2025 14:28:29.557 INFO [main] org.apache.catalina.startup.VersionLoggerListener.log Command line argument:             -javaagent:C:\Program Files\JetBrains\IntelliJ IDEA Community Edition 2025.2.3\lib\idea_rt.jar=54261
17-Dec-2025 14:28:29.557 INFO [main] org.apache.catalina.startup.VersionLoggerListener.log Command line argument:             -Dfile.encoding=UTF-8
17-Dec-2025 14:28:29.557 INFO [main] org.apache.catalina.startup.VersionLoggerListener.log Command line argument:             -Dsun.stdout.encoding=UTF-8
17-Dec-2025 14:28:29.557 INFO [main] org.apache.catalina.startup.VersionLoggerListener.log Command line argument:             -Dsun.stderr.encoding=UTF-8
17-Dec-2025 14:28:29.570 INFO [main] org.apache.catalina.core.AprLifecycleListener.lifecycleEvent La biblioteca nativa de Apache Tomcat basada en ARP que permite un rendimiento óptimo en entornos de desarrollo no ha sido hallada en java.library.path: [C:\Users\jjnam\.jdks\openjdk-25\bin;C:\WINDOWS\Sun\Java\bin;C:\WINDOWS\system32;C:\WINDOWS;C:\Program Files\Common Files\Oracle\Java\javapath;C:\WINDOWS\system32;C:\WINDOWS;C:\WINDOWS\System32\Wbem;C:\WINDOWS\System32\WindowsPowerShell\v1.0\;C:\WINDOWS\System32\OpenSSH\;C:\Program Files\Git\cmd;C:\Program Files\Autofirma\Autofirma;C:\Program Files\dotnet\;C:\Program Files\Microsoft SQL Server\150\Tools\Binn\;C:\Program Files\Microsoft SQL Server\Client SDK\ODBC\170\Tools\Binn\;C:\Users\jjnam\AppData\Local\Microsoft\WindowsApps;C:\Users\jjnam\AppData\Roaming\npm;C:\Users\jjnam\AppData\Local\Programs\Microsoft VS Code\bin;C:\Users\jjnam\AppData\Local\gitkraken\bin;C:\Users\jjnam\AppData\Local\Android\Sdk\emulator;C:\Users\jjnam\.dotnet\tools;C:\Users\jjnam\AppData\Local\nvm;C:\nvm4w\nodejs;C:\Users\jjnam\AppData\Local\nvm;C:\nvm4w\nodejs;C:\Users\jjnam\AppData\Local\nvm;C:\nvm4w\nodejs;;.]
17-Dec-2025 14:28:29.903 INFO [main] org.apache.coyote.AbstractProtocol.init Inicializando el manejador de protocolo ["http-nio-8080"]

17-Dec-2025 14:28:29.918 INFO [main] org.apache.catalina.startup.Catalina.load Server initialization in [570] milliseconds
17-Dec-2025 14:28:29.955 INFO [main] org.apache.catalina.core.StandardService.startInternal Arrancando servicio [Catalina]
17-Dec-2025 14:28:29.956 INFO [main] org.apache.catalina.core.StandardEngine.startInternal Starting Servlet engine: [Apache Tomcat/9.0.112]
17-Dec-2025 14:28:29.964 INFO [main] org.apache.catalina.startup.HostConfig.deployDescriptor Desplieque del descriptor de configuración [C:\Users\jjnam\Desktop\PiononosFactory\src\main\webapp\conf\Catalina\localhost\ROOT.xml]
17-Dec-2025 14:28:30.500 INFO [main] org.apache.jasper.servlet.TldScanner.scanJars Al menos un JAR, que se ha explorado buscando TLDs, aún no contenía TLDs. Activar historial de depuración para este historiador para una completa lista de los JARs que fueron explorados y de los que nos se halló TLDs. Saltarse JARs no necesarios durante la exploración puede dar lugar a una mejora de tiempo significativa en el arranque y compilación de JSP .
17-Dec-2025 14:28:30.557 INFO [main] org.apache.catalina.startup.HostConfig.deployDescriptor Deployment of deployment descriptor [C:\Users\jjnam\Desktop\PiononosFactory\src\main\webapp\conf\Catalina\localhost\ROOT.xml] has finished in [589] ms
17-Dec-2025 14:28:30.561 INFO [main] org.apache.coyote.AbstractProtocol.start Starting ProtocolHandler ["http-nio-8080"]
17-Dec-2025 14:28:30.593 INFO [main] org.apache.catalina.startup.Catalina.start Server startup in [674] milliseconds
17-Dec-2025 14:30:12.473 INFO [Thread-1] org.apache.coyote.AbstractProtocol.pause Pausing ProtocolHandler ["http-nio-8080"]
17-Dec-2025 14:30:12.500 INFO [Thread-1] org.apache.catalina.core.StandardService.stopInternal Parando servicio [Catalina]
17-Dec-2025 14:30:12.508 WARNING [Thread-1] org.apache.catalina.loader.WebappClassLoaderBase.clearReferencesJdbc La aplicación web [ROOT] registró el conductor JDBC [org.postgresql.Driver] pero falló al anular el registro mientras la aplicación web estaba parada. Para prevenir un fallo de memoria, se ha anulado el registro del conductor JDBC por la fuerza.
17-Dec-2025 14:30:12.514 INFO [Thread-1] org.apache.coyote.AbstractProtocol.stop Stopping ProtocolHandler ["http-nio-8080"]
17-Dec-2025 14:30:12.523 INFO [Thread-1] org.apache.coyote.AbstractProtocol.destroy Destroying ProtocolHandler ["http-nio-8080"]
17-Dec-2025 14:30:15.549 INFO [main] org.apache.catalina.startup.VersionLoggerListener.log Nombre de la versión del servidor: Apache Tomcat/9.0.112
17-Dec-2025 14:30:15.552 INFO [main] org.apache.catalina.startup.VersionLoggerListener.log Server built:                      Nov 6 2025 07:46:18 UTC
17-Dec-2025 14:30:15.552 INFO [main] org.apache.catalina.startup.VersionLoggerListener.log Número de versión de servidor:     9.0.112.0
17-Dec-2025 14:30:15.552 INFO [main] org.apache.catalina.startup.VersionLoggerListener.log OS Name:                           Windows 11
17-Dec-2025 14:30:15.552 INFO [main] org.apache.catalina.startup.VersionLoggerListener.log Versión de Systema Operativo:      10.0
17-Dec-2025 14:30:15.552 INFO [main] org.apache.catalina.startup.VersionLoggerListener.log Arquitectura:                      amd64
17-Dec-2025 14:30:15.552 INFO [main] org.apache.catalina.startup.VersionLoggerListener.log Java Home:                         C:\Users\jjnam\.jdks\openjdk-25
17-Dec-2025 14:30:15.552 INFO [main] org.apache.catalina.startup.VersionLoggerListener.log JVM Version:                       25+36-3489
17-Dec-2025 14:30:15.552 INFO [main] org.apache.catalina.startup.VersionLoggerListener.log Vededor JVM:                       Oracle Corporation
17-Dec-2025 14:30:15.552 INFO [main] org.apache.catalina.startup.VersionLoggerListener.log CATALINA_BASE:                     C:\Users\jjnam\Desktop\PiononosFactory\src\main\webapp
17-Dec-2025 14:30:15.554 INFO [main] org.apache.catalina.startup.VersionLoggerListener.log CATALINA_HOME:                     C:\Users\jjnam\Documents\apache-tomcat-9.0.112
17-Dec-2025 14:30:15.562 INFO [main] org.apache.catalina.startup.VersionLoggerListener.log Command line argument:             --add-opens=java.base/java.lang=ALL-UNNAMED
17-Dec-2025 14:30:15.562 INFO [main] org.apache.catalina.startup.VersionLoggerListener.log Command line argument:             --add-opens=java.base/java.io=ALL-UNNAMED
17-Dec-2025 14:30:15.562 INFO [main] org.apache.catalina.startup.VersionLoggerListener.log Command line argument:             --add-opens=java.base/java.util=ALL-UNNAMED
17-Dec-2025 14:30:15.562 INFO [main] org.apache.catalina.startup.VersionLoggerListener.log Command line argument:             --add-opens=java.base/java.util.concurrent=ALL-UNNAMED
17-Dec-2025 14:30:15.562 INFO [main] org.apache.catalina.startup.VersionLoggerListener.log Command line argument:             --add-opens=java.rmi/sun.rmi.transport=ALL-UNNAMED
17-Dec-2025 14:30:15.562 INFO [main] org.apache.catalina.startup.VersionLoggerListener.log Command line argument:             -Dcatalina.home=C:\Users\jjnam\Documents\apache-tomcat-9.0.112
17-Dec-2025 14:30:15.562 INFO [main] org.apache.catalina.startup.VersionLoggerListener.log Command line argument:             -Dcatalina.base=C:\Users\jjnam\Desktop\PiononosFactory\src\main\webapp
17-Dec-2025 14:30:15.562 INFO [main] org.apache.catalina.startup.VersionLoggerListener.log Command line argument:             -Djava.io.tmpdir=C:\Users\jjnam\Desktop\PiononosFactory\src\main\webapp\temp
17-Dec-2025 14:30:15.563 INFO [main] org.apache.catalina.startup.VersionLoggerListener.log Command line argument:             -Djava.util.logging.config.file=C:\Users\jjnam\Desktop\PiononosFactory\src\main\webapp\conf\logging.properties
17-Dec-2025 14:30:15.563 INFO [main] org.apache.catalina.startup.VersionLoggerListener.log Command line argument:             -Djava.util.logging.manager=org.apache.juli.ClassLoaderLogManager
17-Dec-2025 14:30:15.563 INFO [main] org.apache.catalina.startup.VersionLoggerListener.log Command line argument:             -javaagent:C:\Program Files\JetBrains\IntelliJ IDEA Community Edition 2025.2.3\lib\idea_rt.jar=61937
17-Dec-2025 14:30:15.563 INFO [main] org.apache.catalina.startup.VersionLoggerListener.log Command line argument:             -Dfile.encoding=UTF-8
17-Dec-2025 14:30:15.563 INFO [main] org.apache.catalina.startup.VersionLoggerListener.log Command line argument:             -Dsun.stdout.encoding=UTF-8
17-Dec-2025 14:30:15.563 INFO [main] org.apache.catalina.startup.VersionLoggerListener.log Command line argument:             -Dsun.stderr.encoding=UTF-8
17-Dec-2025 14:30:15.573 INFO [main] org.apache.catalina.core.AprLifecycleListener.lifecycleEvent La biblioteca nativa de Apache Tomcat basada en ARP que permite un rendimiento óptimo en entornos de desarrollo no ha sido hallada en java.library.path: [C:\Users\jjnam\.jdks\openjdk-25\bin;C:\WINDOWS\Sun\Java\bin;C:\WINDOWS\system32;C:\WINDOWS;C:\Program Files\Common Files\Oracle\Java\javapath;C:\WINDOWS\system32;C:\WINDOWS;C:\WINDOWS\System32\Wbem;C:\WINDOWS\System32\WindowsPowerShell\v1.0\;C:\WINDOWS\System32\OpenSSH\;C:\Program Files\Git\cmd;C:\Program Files\Autofirma\Autofirma;C:\Program Files\dotnet\;C:\Program Files\Microsoft SQL Server\150\Tools\Binn\;C:\Program Files\Microsoft SQL Server\Client SDK\ODBC\170\Tools\Binn\;C:\Users\jjnam\AppData\Local\Microsoft\WindowsApps;C:\Users\jjnam\AppData\Roaming\npm;C:\Users\jjnam\AppData\Local\Programs\Microsoft VS Code\bin;C:\Users\jjnam\AppData\Local\gitkraken\bin;C:\Users\jjnam\AppData\Local\Android\Sdk\emulator;C:\Users\jjnam\.dotnet\tools;C:\Users\jjnam\AppData\Local\nvm;C:\nvm4w\nodejs;C:\Users\jjnam\AppData\Local\nvm;C:\nvm4w\nodejs;C:\Users\jjnam\AppData\Local\nvm;C:\nvm4w\nodejs;;.]
17-Dec-2025 14:30:15.905 INFO [main] org.apache.coyote.AbstractProtocol.init Inicializando el manejador de protocolo ["http-nio-8080"]

17-Dec-2025 14:30:15.921 INFO [main] org.apache.catalina.startup.Catalina.load Server initialization in [554] milliseconds
17-Dec-2025 14:30:15.960 INFO [main] org.apache.catalina.core.StandardService.startInternal Arrancando servicio [Catalina]
17-Dec-2025 14:30:15.961 INFO [main] org.apache.catalina.core.StandardEngine.startInternal Starting Servlet engine: [Apache Tomcat/9.0.112]
17-Dec-2025 14:30:15.971 INFO [main] org.apache.catalina.startup.HostConfig.deployDescriptor Desplieque del descriptor de configuración [C:\Users\jjnam\Desktop\PiononosFactory\src\main\webapp\conf\Catalina\localhost\ROOT.xml]
17-Dec-2025 14:30:16.498 INFO [main] org.apache.jasper.servlet.TldScanner.scanJars Al menos un JAR, que se ha explorado buscando TLDs, aún no contenía TLDs. Activar historial de depuración para este historiador para una completa lista de los JARs que fueron explorados y de los que nos se halló TLDs. Saltarse JARs no necesarios durante la exploración puede dar lugar a una mejora de tiempo significativa en el arranque y compilación de JSP .
17-Dec-2025 14:30:16.563 INFO [main] org.apache.catalina.startup.HostConfig.deployDescriptor Deployment of deployment descriptor [C:\Users\jjnam\Desktop\PiononosFactory\src\main\webapp\conf\Catalina\localhost\ROOT.xml] has finished in [587] ms
17-Dec-2025 14:30:16.567 INFO [main] org.apache.coyote.AbstractProtocol.start Starting ProtocolHandler ["http-nio-8080"]
17-Dec-2025 14:30:16.597 INFO [main] org.apache.catalina.startup.Catalina.start Server startup in [675] milliseconds
17-Dec-2025 14:36:35.638 INFO [Thread-1] org.apache.coyote.AbstractProtocol.pause Pausing ProtocolHandler ["http-nio-8080"]
17-Dec-2025 14:36:35.669 INFO [Thread-1] org.apache.catalina.core.StandardService.stopInternal Parando servicio [Catalina]
17-Dec-2025 14:36:35.676 WARNING [Thread-1] org.apache.catalina.loader.WebappClassLoaderBase.clearReferencesJdbc La aplicación web [ROOT] registró el conductor JDBC [org.postgresql.Driver] pero falló al anular el registro mientras la aplicación web estaba parada. Para prevenir un fallo de memoria, se ha anulado el registro del conductor JDBC por la fuerza.
17-Dec-2025 14:36:35.679 INFO [Thread-1] org.apache.coyote.AbstractProtocol.stop Stopping ProtocolHandler ["http-nio-8080"]
17-Dec-2025 14:36:35.692 INFO [Thread-1] org.apache.coyote.AbstractProtocol.destroy Destroying ProtocolHandler ["http-nio-8080"]
17-Dec-2025 14:36:38.777 INFO [main] org.apache.catalina.startup.VersionLoggerListener.log Nombre de la versión del servidor: Apache Tomcat/9.0.112
17-Dec-2025 14:36:38.780 INFO [main] org.apache.catalina.startup.VersionLoggerListener.log Server built:                      Nov 6 2025 07:46:18 UTC
17-Dec-2025 14:36:38.780 INFO [main] org.apache.catalina.startup.VersionLoggerListener.log Número de versión de servidor:     9.0.112.0
17-Dec-2025 14:36:38.780 INFO [main] org.apache.catalina.startup.VersionLoggerListener.log OS Name:                           Windows 11
17-Dec-2025 14:36:38.780 INFO [main] org.apache.catalina.startup.VersionLoggerListener.log Versión de Systema Operativo:      10.0
17-Dec-2025 14:36:38.781 INFO [main] org.apache.catalina.startup.VersionLoggerListener.log Arquitectura:                      amd64
17-Dec-2025 14:36:38.781 INFO [main] org.apache.catalina.startup.VersionLoggerListener.log Java Home:                         C:\Users\jjnam\.jdks\openjdk-25
17-Dec-2025 14:36:38.781 INFO [main] org.apache.catalina.startup.VersionLoggerListener.log JVM Version:                       25+36-3489
17-Dec-2025 14:36:38.781 INFO [main] org.apache.catalina.startup.VersionLoggerListener.log Vededor JVM:                       Oracle Corporation
17-Dec-2025 14:36:38.781 INFO [main] org.apache.catalina.startup.VersionLoggerListener.log CATALINA_BASE:                     C:\Users\jjnam\Desktop\PiononosFactory\src\main\webapp
17-Dec-2025 14:36:38.781 INFO [main] org.apache.catalina.startup.VersionLoggerListener.log CATALINA_HOME:                     C:\Users\jjnam\Documents\apache-tomcat-9.0.112
17-Dec-2025 14:36:38.789 INFO [main] org.apache.catalina.startup.VersionLoggerListener.log Command line argument:             --add-opens=java.base/java.lang=ALL-UNNAMED
17-Dec-2025 14:36:38.789 INFO [main] org.apache.catalina.startup.VersionLoggerListener.log Command line argument:             --add-opens=java.base/java.io=ALL-UNNAMED
17-Dec-2025 14:36:38.790 INFO [main] org.apache.catalina.startup.VersionLoggerListener.log Command line argument:             --add-opens=java.base/java.util=ALL-UNNAMED
17-Dec-2025 14:36:38.790 INFO [main] org.apache.catalina.startup.VersionLoggerListener.log Command line argument:             --add-opens=java.base/java.util.concurrent=ALL-UNNAMED
17-Dec-2025 14:36:38.790 INFO [main] org.apache.catalina.startup.VersionLoggerListener.log Command line argument:             --add-opens=java.rmi/sun.rmi.transport=ALL-UNNAMED
17-Dec-2025 14:36:38.790 INFO [main] org.apache.catalina.startup.VersionLoggerListener.log Command line argument:             -Dcatalina.home=C:\Users\jjnam\Documents\apache-tomcat-9.0.112
17-Dec-2025 14:36:38.790 INFO [main] org.apache.catalina.startup.VersionLoggerListener.log Command line argument:             -Dcatalina.base=C:\Users\jjnam\Desktop\PiononosFactory\src\main\webapp
17-Dec-2025 14:36:38.790 INFO [main] org.apache.catalina.startup.VersionLoggerListener.log Command line argument:             -Djava.io.tmpdir=C:\Users\jjnam\Desktop\PiononosFactory\src\main\webapp\temp
17-Dec-2025 14:36:38.790 INFO [main] org.apache.catalina.startup.VersionLoggerListener.log Command line argument:             -Djava.util.logging.config.file=C:\Users\jjnam\Desktop\PiononosFactory\src\main\webapp\conf\logging.properties
17-Dec-2025 14:36:38.791 INFO [main] org.apache.catalina.startup.VersionLoggerListener.log Command line argument:             -Djava.util.logging.manager=org.apache.juli.ClassLoaderLogManager
17-Dec-2025 14:36:38.791 INFO [main] org.apache.catalina.startup.VersionLoggerListener.log Command line argument:             -javaagent:C:\Program Files\JetBrains\IntelliJ IDEA Community Edition 2025.2.3\lib\idea_rt.jar=56055
17-Dec-2025 14:36:38.791 INFO [main] org.apache.catalina.startup.VersionLoggerListener.log Command line argument:             -Dfile.encoding=UTF-8
17-Dec-2025 14:36:38.791 INFO [main] org.apache.catalina.startup.VersionLoggerListener.log Command line argument:             -Dsun.stdout.encoding=UTF-8
17-Dec-2025 14:36:38.791 INFO [main] org.apache.catalina.startup.VersionLoggerListener.log Command line argument:             -Dsun.stderr.encoding=UTF-8
17-Dec-2025 14:36:38.801 INFO [main] org.apache.catalina.core.AprLifecycleListener.lifecycleEvent La biblioteca nativa de Apache Tomcat basada en ARP que permite un rendimiento óptimo en entornos de desarrollo no ha sido hallada en java.library.path: [C:\Users\jjnam\.jdks\openjdk-25\bin;C:\WINDOWS\Sun\Java\bin;C:\WINDOWS\system32;C:\WINDOWS;C:\Program Files\Common Files\Oracle\Java\javapath;C:\WINDOWS\system32;C:\WINDOWS;C:\WINDOWS\System32\Wbem;C:\WINDOWS\System32\WindowsPowerShell\v1.0\;C:\WINDOWS\System32\OpenSSH\;C:\Program Files\Git\cmd;C:\Program Files\Autofirma\Autofirma;C:\Program Files\dotnet\;C:\Program Files\Microsoft SQL Server\150\Tools\Binn\;C:\Program Files\Microsoft SQL Server\Client SDK\ODBC\170\Tools\Binn\;C:\Users\jjnam\AppData\Local\Microsoft\WindowsApps;C:\Users\jjnam\AppData\Roaming\npm;C:\Users\jjnam\AppData\Local\Programs\Microsoft VS Code\bin;C:\Users\jjnam\AppData\Local\gitkraken\bin;C:\Users\jjnam\AppData\Local\Android\Sdk\emulator;C:\Users\jjnam\.dotnet\tools;C:\Users\jjnam\AppData\Local\nvm;C:\nvm4w\nodejs;C:\Users\jjnam\AppData\Local\nvm;C:\nvm4w\nodejs;C:\Users\jjnam\AppData\Local\nvm;C:\nvm4w\nodejs;;.]
17-Dec-2025 14:36:39.137 INFO [main] org.apache.coyote.AbstractProtocol.init Inicializando el manejador de protocolo ["http-nio-8080"]

17-Dec-2025 14:36:39.150 INFO [main] org.apache.catalina.startup.Catalina.load Server initialization in [570] milliseconds
17-Dec-2025 14:36:39.189 INFO [main] org.apache.catalina.core.StandardService.startInternal Arrancando servicio [Catalina]
17-Dec-2025 14:36:39.190 INFO [main] org.apache.catalina.core.StandardEngine.startInternal Starting Servlet engine: [Apache Tomcat/9.0.112]
17-Dec-2025 14:36:39.199 INFO [main] org.apache.catalina.startup.HostConfig.deployDescriptor Desplieque del descriptor de configuración [C:\Users\jjnam\Desktop\PiononosFactory\src\main\webapp\conf\Catalina\localhost\ROOT.xml]
17-Dec-2025 14:36:39.692 INFO [main] org.apache.jasper.servlet.TldScanner.scanJars Al menos un JAR, que se ha explorado buscando TLDs, aún no contenía TLDs. Activar historial de depuración para este historiador para una completa lista de los JARs que fueron explorados y de los que nos se halló TLDs. Saltarse JARs no necesarios durante la exploración puede dar lugar a una mejora de tiempo significativa en el arranque y compilación de JSP .
17-Dec-2025 14:36:39.753 INFO [main] org.apache.catalina.startup.HostConfig.deployDescriptor Deployment of deployment descriptor [C:\Users\jjnam\Desktop\PiononosFactory\src\main\webapp\conf\Catalina\localhost\ROOT.xml] has finished in [549] ms
17-Dec-2025 14:36:39.757 INFO [main] org.apache.coyote.AbstractProtocol.start Starting ProtocolHandler ["http-nio-8080"]
17-Dec-2025 14:36:39.790 INFO [main] org.apache.catalina.startup.Catalina.start Server startup in [637] milliseconds
17-Dec-2025 14:37:37.041 INFO [Thread-1] org.apache.coyote.AbstractProtocol.pause Pausing ProtocolHandler ["http-nio-8080"]
17-Dec-2025 14:37:37.067 INFO [Thread-1] org.apache.catalina.core.StandardService.stopInternal Parando servicio [Catalina]
17-Dec-2025 14:37:37.072 WARNING [Thread-1] org.apache.catalina.loader.WebappClassLoaderBase.clearReferencesJdbc La aplicación web [ROOT] registró el conductor JDBC [org.postgresql.Driver] pero falló al anular el registro mientras la aplicación web estaba parada. Para prevenir un fallo de memoria, se ha anulado el registro del conductor JDBC por la fuerza.
17-Dec-2025 14:37:37.077 INFO [Thread-1] org.apache.coyote.AbstractProtocol.stop Stopping ProtocolHandler ["http-nio-8080"]
17-Dec-2025 14:37:37.081 INFO [Thread-1] org.apache.coyote.AbstractProtocol.destroy Destroying ProtocolHandler ["http-nio-8080"]
17-Dec-2025 14:37:42.127 INFO [main] org.apache.catalina.startup.VersionLoggerListener.log Nombre de la versión del servidor: Apache Tomcat/9.0.112
17-Dec-2025 14:37:42.129 INFO [main] org.apache.catalina.startup.VersionLoggerListener.log Server built:                      Nov 6 2025 07:46:18 UTC
17-Dec-2025 14:37:42.130 INFO [main] org.apache.catalina.startup.VersionLoggerListener.log Número de versión de servidor:     9.0.112.0
17-Dec-2025 14:37:42.130 INFO [main] org.apache.catalina.startup.VersionLoggerListener.log OS Name:                           Windows 11
17-Dec-2025 14:37:42.130 INFO [main] org.apache.catalina.startup.VersionLoggerListener.log Versión de Systema Operativo:      10.0
17-Dec-2025 14:37:42.130 INFO [main] org.apache.catalina.startup.VersionLoggerListener.log Arquitectura:                      amd64
17-Dec-2025 14:37:42.130 INFO [main] org.apache.catalina.startup.VersionLoggerListener.log Java Home:                         C:\Users\jjnam\.jdks\openjdk-25
17-Dec-2025 14:37:42.130 INFO [main] org.apache.catalina.startup.VersionLoggerListener.log JVM Version:                       25+36-3489
17-Dec-2025 14:37:42.130 INFO [main] org.apache.catalina.startup.VersionLoggerListener.log Vededor JVM:                       Oracle Corporation
17-Dec-2025 14:37:42.130 INFO [main] org.apache.catalina.startup.VersionLoggerListener.log CATALINA_BASE:                     C:\Users\jjnam\Desktop\PiononosFactory\src\main\webapp
17-Dec-2025 14:37:42.130 INFO [main] org.apache.catalina.startup.VersionLoggerListener.log CATALINA_HOME:                     C:\Users\jjnam\Documents\apache-tomcat-9.0.112
17-Dec-2025 14:37:42.136 INFO [main] org.apache.catalina.startup.VersionLoggerListener.log Command line argument:             --add-opens=java.base/java.lang=ALL-UNNAMED
17-Dec-2025 14:37:42.136 INFO [main] org.apache.catalina.startup.VersionLoggerListener.log Command line argument:             --add-opens=java.base/java.io=ALL-UNNAMED
17-Dec-2025 14:37:42.136 INFO [main] org.apache.catalina.startup.VersionLoggerListener.log Command line argument:             --add-opens=java.base/java.util=ALL-UNNAMED
17-Dec-2025 14:37:42.138 INFO [main] org.apache.catalina.startup.VersionLoggerListener.log Command line argument:             --add-opens=java.base/java.util.concurrent=ALL-UNNAMED
17-Dec-2025 14:37:42.138 INFO [main] org.apache.catalina.startup.VersionLoggerListener.log Command line argument:             --add-opens=java.rmi/sun.rmi.transport=ALL-UNNAMED
17-Dec-2025 14:37:42.138 INFO [main] org.apache.catalina.startup.VersionLoggerListener.log Command line argument:             -Dcatalina.home=C:\Users\jjnam\Documents\apache-tomcat-9.0.112
17-Dec-2025 14:37:42.138 INFO [main] org.apache.catalina.startup.VersionLoggerListener.log Command line argument:             -Dcatalina.base=C:\Users\jjnam\Desktop\PiononosFactory\src\main\webapp
17-Dec-2025 14:37:42.138 INFO [main] org.apache.catalina.startup.VersionLoggerListener.log Command line argument:             -Djava.io.tmpdir=C:\Users\jjnam\Desktop\PiononosFactory\src\main\webapp\temp
17-Dec-2025 14:37:42.138 INFO [main] org.apache.catalina.startup.VersionLoggerListener.log Command line argument:             -Djava.util.logging.config.file=C:\Users\jjnam\Desktop\PiononosFactory\src\main\webapp\conf\logging.properties
17-Dec-2025 14:37:42.138 INFO [main] org.apache.catalina.startup.VersionLoggerListener.log Command line argument:             -Djava.util.logging.manager=org.apache.juli.ClassLoaderLogManager
17-Dec-2025 14:37:42.138 INFO [main] org.apache.catalina.startup.VersionLoggerListener.log Command line argument:             -javaagent:C:\Program Files\JetBrains\IntelliJ IDEA Community Edition 2025.2.3\lib\idea_rt.jar=60289
17-Dec-2025 14:37:42.138 INFO [main] org.apache.catalina.startup.VersionLoggerListener.log Command line argument:             -Dfile.encoding=UTF-8
17-Dec-2025 14:37:42.138 INFO [main] org.apache.catalina.startup.VersionLoggerListener.log Command line argument:             -Dsun.stdout.encoding=UTF-8
17-Dec-2025 14:37:42.138 INFO [main] org.apache.catalina.startup.VersionLoggerListener.log Command line argument:             -Dsun.stderr.encoding=UTF-8
17-Dec-2025 14:37:42.145 INFO [main] org.apache.catalina.core.AprLifecycleListener.lifecycleEvent La biblioteca nativa de Apache Tomcat basada en ARP que permite un rendimiento óptimo en entornos de desarrollo no ha sido hallada en java.library.path: [C:\Users\jjnam\.jdks\openjdk-25\bin;C:\WINDOWS\Sun\Java\bin;C:\WINDOWS\system32;C:\WINDOWS;C:\Program Files\Common Files\Oracle\Java\javapath;C:\WINDOWS\system32;C:\WINDOWS;C:\WINDOWS\System32\Wbem;C:\WINDOWS\System32\WindowsPowerShell\v1.0\;C:\WINDOWS\System32\OpenSSH\;C:\Program Files\Git\cmd;C:\Program Files\Autofirma\Autofirma;C:\Program Files\dotnet\;C:\Program Files\Microsoft SQL Server\150\Tools\Binn\;C:\Program Files\Microsoft SQL Server\Client SDK\ODBC\170\Tools\Binn\;C:\Users\jjnam\AppData\Local\Microsoft\WindowsApps;C:\Users\jjnam\AppData\Roaming\npm;C:\Users\jjnam\AppData\Local\Programs\Microsoft VS Code\bin;C:\Users\jjnam\AppData\Local\gitkraken\bin;C:\Users\jjnam\AppData\Local\Android\Sdk\emulator;C:\Users\jjnam\.dotnet\tools;C:\Users\jjnam\AppData\Local\nvm;C:\nvm4w\nodejs;C:\Users\jjnam\AppData\Local\nvm;C:\nvm4w\nodejs;C:\Users\jjnam\AppData\Local\nvm;C:\nvm4w\nodejs;;.]
17-Dec-2025 14:37:42.450 INFO [main] org.apache.coyote.AbstractProtocol.init Inicializando el manejador de protocolo ["http-nio-8080"]

17-Dec-2025 14:37:42.468 INFO [main] org.apache.catalina.startup.Catalina.load Server initialization in [527] milliseconds
17-Dec-2025 14:37:42.519 INFO [main] org.apache.catalina.core.StandardService.startInternal Arrancando servicio [Catalina]
17-Dec-2025 14:37:42.519 INFO [main] org.apache.catalina.core.StandardEngine.startInternal Starting Servlet engine: [Apache Tomcat/9.0.112]
17-Dec-2025 14:37:42.530 INFO [main] org.apache.catalina.startup.HostConfig.deployDescriptor Desplieque del descriptor de configuración [C:\Users\jjnam\Desktop\PiononosFactory\src\main\webapp\conf\Catalina\localhost\ROOT.xml]
17-Dec-2025 14:37:43.084 INFO [main] org.apache.jasper.servlet.TldScanner.scanJars Al menos un JAR, que se ha explorado buscando TLDs, aún no contenía TLDs. Activar historial de depuración para este historiador para una completa lista de los JARs que fueron explorados y de los que nos se halló TLDs. Saltarse JARs no necesarios durante la exploración puede dar lugar a una mejora de tiempo significativa en el arranque y compilación de JSP .
17-Dec-2025 14:37:43.140 INFO [main] org.apache.catalina.startup.HostConfig.deployDescriptor Deployment of deployment descriptor [C:\Users\jjnam\Desktop\PiononosFactory\src\main\webapp\conf\Catalina\localhost\ROOT.xml] has finished in [607] ms
17-Dec-2025 14:37:43.145 INFO [main] org.apache.coyote.AbstractProtocol.start Starting ProtocolHandler ["http-nio-8080"]
17-Dec-2025 14:37:43.175 INFO [main] org.apache.catalina.startup.Catalina.start Server startup in [705] milliseconds
17-Dec-2025 16:23:09.887 INFO [main] org.apache.catalina.startup.VersionLoggerListener.log Nombre de la versión del servidor: Apache Tomcat/9.0.112
17-Dec-2025 16:23:09.890 INFO [main] org.apache.catalina.startup.VersionLoggerListener.log Server built:                      Nov 6 2025 07:46:18 UTC
17-Dec-2025 16:23:09.890 INFO [main] org.apache.catalina.startup.VersionLoggerListener.log Número de versión de servidor:     9.0.112.0
17-Dec-2025 16:23:09.890 INFO [main] org.apache.catalina.startup.VersionLoggerListener.log OS Name:                           Windows 11
17-Dec-2025 16:23:09.890 INFO [main] org.apache.catalina.startup.VersionLoggerListener.log Versión de Systema Operativo:      10.0
17-Dec-2025 16:23:09.890 INFO [main] org.apache.catalina.startup.VersionLoggerListener.log Arquitectura:                      amd64
17-Dec-2025 16:23:09.890 INFO [main] org.apache.catalina.startup.VersionLoggerListener.log Java Home:                         C:\Users\jjnam\.jdks\openjdk-25
17-Dec-2025 16:23:09.890 INFO [main] org.apache.catalina.startup.VersionLoggerListener.log JVM Version:                       25+36-3489
17-Dec-2025 16:23:09.891 INFO [main] org.apache.catalina.startup.VersionLoggerListener.log Vededor JVM:                       Oracle Corporation
17-Dec-2025 16:23:09.891 INFO [main] org.apache.catalina.startup.VersionLoggerListener.log CATALINA_BASE:                     C:\Users\jjnam\Desktop\PiononosFactory\src\main\webapp
17-Dec-2025 16:23:09.891 INFO [main] org.apache.catalina.startup.VersionLoggerListener.log CATALINA_HOME:                     C:\Users\jjnam\Documents\apache-tomcat-9.0.112
17-Dec-2025 16:23:09.896 INFO [main] org.apache.catalina.startup.VersionLoggerListener.log Command line argument:             --add-opens=java.base/java.lang=ALL-UNNAMED
17-Dec-2025 16:23:09.896 INFO [main] org.apache.catalina.startup.VersionLoggerListener.log Command line argument:             --add-opens=java.base/java.io=ALL-UNNAMED
17-Dec-2025 16:23:09.896 INFO [main] org.apache.catalina.startup.VersionLoggerListener.log Command line argument:             --add-opens=java.base/java.util=ALL-UNNAMED
17-Dec-2025 16:23:09.896 INFO [main] org.apache.catalina.startup.VersionLoggerListener.log Command line argument:             --add-opens=java.base/java.util.concurrent=ALL-UNNAMED
17-Dec-2025 16:23:09.897 INFO [main] org.apache.catalina.startup.VersionLoggerListener.log Command line argument:             --add-opens=java.rmi/sun.rmi.transport=ALL-UNNAMED
17-Dec-2025 16:23:09.897 INFO [main] org.apache.catalina.startup.VersionLoggerListener.log Command line argument:             -Dcatalina.home=C:\Users\jjnam\Documents\apache-tomcat-9.0.112
17-Dec-2025 16:23:09.897 INFO [main] org.apache.catalina.startup.VersionLoggerListener.log Command line argument:             -Dcatalina.base=C:\Users\jjnam\Desktop\PiononosFactory\src\main\webapp
17-Dec-2025 16:23:09.897 INFO [main] org.apache.catalina.startup.VersionLoggerListener.log Command line argument:             -Djava.io.tmpdir=C:\Users\jjnam\Desktop\PiononosFactory\src\main\webapp\temp
17-Dec-2025 16:23:09.897 INFO [main] org.apache.catalina.startup.VersionLoggerListener.log Command line argument:             -Djava.util.logging.config.file=C:\Users\jjnam\Desktop\PiononosFactory\src\main\webapp\conf\logging.properties
17-Dec-2025 16:23:09.897 INFO [main] org.apache.catalina.startup.VersionLoggerListener.log Command line argument:             -Djava.util.logging.manager=org.apache.juli.ClassLoaderLogManager
17-Dec-2025 16:23:09.897 INFO [main] org.apache.catalina.startup.VersionLoggerListener.log Command line argument:             -javaagent:C:\Program Files\JetBrains\IntelliJ IDEA Community Edition 2025.2.3\lib\idea_rt.jar=59420
17-Dec-2025 16:23:09.897 INFO [main] org.apache.catalina.startup.VersionLoggerListener.log Command line argument:             -Dfile.encoding=UTF-8
17-Dec-2025 16:23:09.897 INFO [main] org.apache.catalina.startup.VersionLoggerListener.log Command line argument:             -Dsun.stdout.encoding=UTF-8
17-Dec-2025 16:23:09.897 INFO [main] org.apache.catalina.startup.VersionLoggerListener.log Command line argument:             -Dsun.stderr.encoding=UTF-8
17-Dec-2025 16:23:09.902 INFO [main] org.apache.catalina.core.AprLifecycleListener.lifecycleEvent La biblioteca nativa de Apache Tomcat basada en ARP que permite un rendimiento óptimo en entornos de desarrollo no ha sido hallada en java.library.path: [C:\Users\jjnam\.jdks\openjdk-25\bin;C:\WINDOWS\Sun\Java\bin;C:\WINDOWS\system32;C:\WINDOWS;C:\Program Files\Common Files\Oracle\Java\javapath;C:\WINDOWS\system32;C:\WINDOWS;C:\WINDOWS\System32\Wbem;C:\WINDOWS\System32\WindowsPowerShell\v1.0\;C:\WINDOWS\System32\OpenSSH\;C:\Program Files\Git\cmd;C:\Program Files\Autofirma\Autofirma;C:\Program Files\dotnet\;C:\Program Files\Microsoft SQL Server\150\Tools\Binn\;C:\Program Files\Microsoft SQL Server\Client SDK\ODBC\170\Tools\Binn\;C:\Users\jjnam\AppData\Local\Microsoft\WindowsApps;C:\Users\jjnam\AppData\Roaming\npm;C:\Users\jjnam\AppData\Local\Programs\Microsoft VS Code\bin;C:\Users\jjnam\AppData\Local\gitkraken\bin;C:\Users\jjnam\AppData\Local\Android\Sdk\emulator;C:\Users\jjnam\.dotnet\tools;C:\Users\jjnam\AppData\Local\nvm;C:\nvm4w\nodejs;C:\Users\jjnam\AppData\Local\nvm;C:\nvm4w\nodejs;C:\Users\jjnam\AppData\Local\nvm;C:\nvm4w\nodejs;;.]
17-Dec-2025 16:23:10.228 INFO [main] org.apache.coyote.AbstractProtocol.init Inicializando el manejador de protocolo ["http-nio-8080"]

17-Dec-2025 16:23:10.244 INFO [main] org.apache.catalina.startup.Catalina.load Server initialization in [579] milliseconds
17-Dec-2025 16:23:10.303 INFO [main] org.apache.catalina.core.StandardService.startInternal Arrancando servicio [Catalina]
17-Dec-2025 16:23:10.303 INFO [main] org.apache.catalina.core.StandardEngine.startInternal Starting Servlet engine: [Apache Tomcat/9.0.112]
17-Dec-2025 16:23:10.314 INFO [main] org.apache.catalina.startup.HostConfig.deployDescriptor Desplieque del descriptor de configuración [C:\Users\jjnam\Desktop\PiononosFactory\src\main\webapp\conf\Catalina\localhost\ROOT.xml]
17-Dec-2025 16:23:10.758 INFO [main] org.apache.jasper.servlet.TldScanner.scanJars Al menos un JAR, que se ha explorado buscando TLDs, aún no contenía TLDs. Activar historial de depuración para este historiador para una completa lista de los JARs que fueron explorados y de los que nos se halló TLDs. Saltarse JARs no necesarios durante la exploración puede dar lugar a una mejora de tiempo significativa en el arranque y compilación de JSP .
17-Dec-2025 16:23:10.822 INFO [main] org.apache.catalina.startup.HostConfig.deployDescriptor Deployment of deployment descriptor [C:\Users\jjnam\Desktop\PiononosFactory\src\main\webapp\conf\Catalina\localhost\ROOT.xml] has finished in [503] ms
17-Dec-2025 16:23:10.825 INFO [main] org.apache.coyote.AbstractProtocol.start Starting ProtocolHandler ["http-nio-8080"]
17-Dec-2025 16:23:10.853 INFO [main] org.apache.catalina.startup.Catalina.start Server startup in [608] milliseconds
17-Dec-2025 16:23:44.107 INFO [Thread-1] org.apache.coyote.AbstractProtocol.pause Pausing ProtocolHandler ["http-nio-8080"]
17-Dec-2025 16:23:44.127 INFO [Thread-1] org.apache.catalina.core.StandardService.stopInternal Parando servicio [Catalina]
17-Dec-2025 16:23:44.138 INFO [Thread-1] org.apache.coyote.AbstractProtocol.stop Stopping ProtocolHandler ["http-nio-8080"]
17-Dec-2025 16:23:44.148 INFO [Thread-1] org.apache.coyote.AbstractProtocol.destroy Destroying ProtocolHandler ["http-nio-8080"]
17-Dec-2025 16:23:50.099 INFO [main] org.apache.catalina.startup.VersionLoggerListener.log Nombre de la versión del servidor: Apache Tomcat/9.0.112
17-Dec-2025 16:23:50.101 INFO [main] org.apache.catalina.startup.VersionLoggerListener.log Server built:                      Nov 6 2025 07:46:18 UTC
17-Dec-2025 16:23:50.101 INFO [main] org.apache.catalina.startup.VersionLoggerListener.log Número de versión de servidor:     9.0.112.0
17-Dec-2025 16:23:50.102 INFO [main] org.apache.catalina.startup.VersionLoggerListener.log OS Name:                           Windows 11
17-Dec-2025 16:23:50.102 INFO [main] org.apache.catalina.startup.VersionLoggerListener.log Versión de Systema Operativo:      10.0
17-Dec-2025 16:23:50.102 INFO [main] org.apache.catalina.startup.VersionLoggerListener.log Arquitectura:                      amd64
17-Dec-2025 16:23:50.102 INFO [main] org.apache.catalina.startup.VersionLoggerListener.log Java Home:                         C:\Users\jjnam\.jdks\openjdk-25
17-Dec-2025 16:23:50.102 INFO [main] org.apache.catalina.startup.VersionLoggerListener.log JVM Version:                       25+36-3489
17-Dec-2025 16:23:50.102 INFO [main] org.apache.catalina.startup.VersionLoggerListener.log Vededor JVM:                       Oracle Corporation
17-Dec-2025 16:23:50.102 INFO [main] org.apache.catalina.startup.VersionLoggerListener.log CATALINA_BASE:                     C:\Users\jjnam\Desktop\PiononosFactory\src\main\webapp
17-Dec-2025 16:23:50.102 INFO [main] org.apache.catalina.startup.VersionLoggerListener.log CATALINA_HOME:                     C:\Users\jjnam\Documents\apache-tomcat-9.0.112
17-Dec-2025 16:23:50.106 INFO [main] org.apache.catalina.startup.VersionLoggerListener.log Command line argument:             --add-opens=java.base/java.lang=ALL-UNNAMED
17-Dec-2025 16:23:50.106 INFO [main] org.apache.catalina.startup.VersionLoggerListener.log Command line argument:             --add-opens=java.base/java.io=ALL-UNNAMED
17-Dec-2025 16:23:50.106 INFO [main] org.apache.catalina.startup.VersionLoggerListener.log Command line argument:             --add-opens=java.base/java.util=ALL-UNNAMED
17-Dec-2025 16:23:50.107 INFO [main] org.apache.catalina.startup.VersionLoggerListener.log Command line argument:             --add-opens=java.base/java.util.concurrent=ALL-UNNAMED
17-Dec-2025 16:23:50.107 INFO [main] org.apache.catalina.startup.VersionLoggerListener.log Command line argument:             --add-opens=java.rmi/sun.rmi.transport=ALL-UNNAMED
17-Dec-2025 16:23:50.107 INFO [main] org.apache.catalina.startup.VersionLoggerListener.log Command line argument:             -Dcatalina.home=C:\Users\jjnam\Documents\apache-tomcat-9.0.112
17-Dec-2025 16:23:50.107 INFO [main] org.apache.catalina.startup.VersionLoggerListener.log Command line argument:             -Dcatalina.base=C:\Users\jjnam\Desktop\PiononosFactory\src\main\webapp
17-Dec-2025 16:23:50.107 INFO [main] org.apache.catalina.startup.VersionLoggerListener.log Command line argument:             -Djava.io.tmpdir=C:\Users\jjnam\Desktop\PiononosFactory\src\main\webapp\temp
17-Dec-2025 16:23:50.107 INFO [main] org.apache.catalina.startup.VersionLoggerListener.log Command line argument:             -Djava.util.logging.config.file=C:\Users\jjnam\Desktop\PiononosFactory\src\main\webapp\conf\logging.properties
17-Dec-2025 16:23:50.107 INFO [main] org.apache.catalina.startup.VersionLoggerListener.log Command line argument:             -Djava.util.logging.manager=org.apache.juli.ClassLoaderLogManager
17-Dec-2025 16:23:50.107 INFO [main] org.apache.catalina.startup.VersionLoggerListener.log Command line argument:             -javaagent:C:\Program Files\JetBrains\IntelliJ IDEA Community Edition 2025.2.3\lib\idea_rt.jar=59432
17-Dec-2025 16:23:50.107 INFO [main] org.apache.catalina.startup.VersionLoggerListener.log Command line argument:             -Dfile.encoding=UTF-8
17-Dec-2025 16:23:50.107 INFO [main] org.apache.catalina.startup.VersionLoggerListener.log Command line argument:             -Dsun.stdout.encoding=UTF-8
17-Dec-2025 16:23:50.107 INFO [main] org.apache.catalina.startup.VersionLoggerListener.log Command line argument:             -Dsun.stderr.encoding=UTF-8
17-Dec-2025 16:23:50.115 INFO [main] org.apache.catalina.core.AprLifecycleListener.lifecycleEvent La biblioteca nativa de Apache Tomcat basada en ARP que permite un rendimiento óptimo en entornos de desarrollo no ha sido hallada en java.library.path: [C:\Users\jjnam\.jdks\openjdk-25\bin;C:\WINDOWS\Sun\Java\bin;C:\WINDOWS\system32;C:\WINDOWS;C:\Program Files\Common Files\Oracle\Java\javapath;C:\WINDOWS\system32;C:\WINDOWS;C:\WINDOWS\System32\Wbem;C:\WINDOWS\System32\WindowsPowerShell\v1.0\;C:\WINDOWS\System32\OpenSSH\;C:\Program Files\Git\cmd;C:\Program Files\Autofirma\Autofirma;C:\Program Files\dotnet\;C:\Program Files\Microsoft SQL Server\150\Tools\Binn\;C:\Program Files\Microsoft SQL Server\Client SDK\ODBC\170\Tools\Binn\;C:\Users\jjnam\AppData\Local\Microsoft\WindowsApps;C:\Users\jjnam\AppData\Roaming\npm;C:\Users\jjnam\AppData\Local\Programs\Microsoft VS Code\bin;C:\Users\jjnam\AppData\Local\gitkraken\bin;C:\Users\jjnam\AppData\Local\Android\Sdk\emulator;C:\Users\jjnam\.dotnet\tools;C:\Users\jjnam\AppData\Local\nvm;C:\nvm4w\nodejs;C:\Users\jjnam\AppData\Local\nvm;C:\nvm4w\nodejs;C:\Users\jjnam\AppData\Local\nvm;C:\nvm4w\nodejs;;.]
17-Dec-2025 16:23:50.306 INFO [main] org.apache.coyote.AbstractProtocol.init Inicializando el manejador de protocolo ["http-nio-8080"]

17-Dec-2025 16:23:50.318 INFO [main] org.apache.catalina.startup.Catalina.load Server initialization in [346] milliseconds
17-Dec-2025 16:23:50.352 INFO [main] org.apache.catalina.core.StandardService.startInternal Arrancando servicio [Catalina]
17-Dec-2025 16:23:50.352 INFO [main] org.apache.catalina.core.StandardEngine.startInternal Starting Servlet engine: [Apache Tomcat/9.0.112]
17-Dec-2025 16:23:50.360 INFO [main] org.apache.catalina.startup.HostConfig.deployDescriptor Desplieque del descriptor de configuración [C:\Users\jjnam\Desktop\PiononosFactory\src\main\webapp\conf\Catalina\localhost\ROOT.xml]
17-Dec-2025 16:23:50.781 INFO [main] org.apache.jasper.servlet.TldScanner.scanJars Al menos un JAR, que se ha explorado buscando TLDs, aún no contenía TLDs. Activar historial de depuración para este historiador para una completa lista de los JARs que fueron explorados y de los que nos se halló TLDs. Saltarse JARs no necesarios durante la exploración puede dar lugar a una mejora de tiempo significativa en el arranque y compilación de JSP .
17-Dec-2025 16:23:50.826 INFO [main] org.apache.catalina.startup.HostConfig.deployDescriptor Deployment of deployment descriptor [C:\Users\jjnam\Desktop\PiononosFactory\src\main\webapp\conf\Catalina\localhost\ROOT.xml] has finished in [463] ms
17-Dec-2025 16:23:50.829 INFO [main] org.apache.coyote.AbstractProtocol.start Starting ProtocolHandler ["http-nio-8080"]
17-Dec-2025 16:23:50.852 INFO [main] org.apache.catalina.startup.Catalina.start Server startup in [532] milliseconds
17-Dec-2025 16:31:53.308 INFO [Thread-1] org.apache.coyote.AbstractProtocol.pause Pausing ProtocolHandler ["http-nio-8080"]
17-Dec-2025 16:31:53.328 INFO [Thread-1] org.apache.catalina.core.StandardService.stopInternal Parando servicio [Catalina]
17-Dec-2025 16:31:53.339 WARNING [Thread-1] org.apache.catalina.loader.WebappClassLoaderBase.clearReferencesJdbc La aplicación web [ROOT] registró el conductor JDBC [org.postgresql.Driver] pero falló al anular el registro mientras la aplicación web estaba parada. Para prevenir un fallo de memoria, se ha anulado el registro del conductor JDBC por la fuerza.
17-Dec-2025 16:31:53.343 INFO [Thread-1] org.apache.coyote.AbstractProtocol.stop Stopping ProtocolHandler ["http-nio-8080"]
17-Dec-2025 16:31:53.351 INFO [Thread-1] org.apache.coyote.AbstractProtocol.destroy Destroying ProtocolHandler ["http-nio-8080"]
17-Dec-2025 16:31:56.366 INFO [main] org.apache.catalina.startup.VersionLoggerListener.log Nombre de la versión del servidor: Apache Tomcat/9.0.112
17-Dec-2025 16:31:56.368 INFO [main] org.apache.catalina.startup.VersionLoggerListener.log Server built:                      Nov 6 2025 07:46:18 UTC
17-Dec-2025 16:31:56.368 INFO [main] org.apache.catalina.startup.VersionLoggerListener.log Número de versión de servidor:     9.0.112.0
17-Dec-2025 16:31:56.369 INFO [main] org.apache.catalina.startup.VersionLoggerListener.log OS Name:                           Windows 11
17-Dec-2025 16:31:56.369 INFO [main] org.apache.catalina.startup.VersionLoggerListener.log Versión de Systema Operativo:      10.0
17-Dec-2025 16:31:56.369 INFO [main] org.apache.catalina.startup.VersionLoggerListener.log Arquitectura:                      amd64
17-Dec-2025 16:31:56.369 INFO [main] org.apache.catalina.startup.VersionLoggerListener.log Java Home:                         C:\Users\jjnam\.jdks\openjdk-25
17-Dec-2025 16:31:56.369 INFO [main] org.apache.catalina.startup.VersionLoggerListener.log JVM Version:                       25+36-3489
17-Dec-2025 16:31:56.369 INFO [main] org.apache.catalina.startup.VersionLoggerListener.log Vededor JVM:                       Oracle Corporation
17-Dec-2025 16:31:56.369 INFO [main] org.apache.catalina.startup.VersionLoggerListener.log CATALINA_BASE:                     C:\Users\jjnam\Desktop\PiononosFactory\src\main\webapp
17-Dec-2025 16:31:56.369 INFO [main] org.apache.catalina.startup.VersionLoggerListener.log CATALINA_HOME:                     C:\Users\jjnam\Documents\apache-tomcat-9.0.112
17-Dec-2025 16:31:56.374 INFO [main] org.apache.catalina.startup.VersionLoggerListener.log Command line argument:             --add-opens=java.base/java.lang=ALL-UNNAMED
17-Dec-2025 16:31:56.374 INFO [main] org.apache.catalina.startup.VersionLoggerListener.log Command line argument:             --add-opens=java.base/java.io=ALL-UNNAMED
17-Dec-2025 16:31:56.374 INFO [main] org.apache.catalina.startup.VersionLoggerListener.log Command line argument:             --add-opens=java.base/java.util=ALL-UNNAMED
17-Dec-2025 16:31:56.374 INFO [main] org.apache.catalina.startup.VersionLoggerListener.log Command line argument:             --add-opens=java.base/java.util.concurrent=ALL-UNNAMED
17-Dec-2025 16:31:56.374 INFO [main] org.apache.catalina.startup.VersionLoggerListener.log Command line argument:             --add-opens=java.rmi/sun.rmi.transport=ALL-UNNAMED
17-Dec-2025 16:31:56.374 INFO [main] org.apache.catalina.startup.VersionLoggerListener.log Command line argument:             -Dcatalina.home=C:\Users\jjnam\Documents\apache-tomcat-9.0.112
17-Dec-2025 16:31:56.374 INFO [main] org.apache.catalina.startup.VersionLoggerListener.log Command line argument:             -Dcatalina.base=C:\Users\jjnam\Desktop\PiononosFactory\src\main\webapp
17-Dec-2025 16:31:56.374 INFO [main] org.apache.catalina.startup.VersionLoggerListener.log Command line argument:             -Djava.io.tmpdir=C:\Users\jjnam\Desktop\PiononosFactory\src\main\webapp\temp
17-Dec-2025 16:31:56.374 INFO [main] org.apache.catalina.startup.VersionLoggerListener.log Command line argument:             -Djava.util.logging.config.file=C:\Users\jjnam\Desktop\PiononosFactory\src\main\webapp\conf\logging.properties
17-Dec-2025 16:31:56.375 INFO [main] org.apache.catalina.startup.VersionLoggerListener.log Command line argument:             -Djava.util.logging.manager=org.apache.juli.ClassLoaderLogManager
17-Dec-2025 16:31:56.375 INFO [main] org.apache.catalina.startup.VersionLoggerListener.log Command line argument:             -javaagent:C:\Program Files\JetBrains\IntelliJ IDEA Community Edition 2025.2.3\lib\idea_rt.jar=54035
17-Dec-2025 16:31:56.375 INFO [main] org.apache.catalina.startup.VersionLoggerListener.log Command line argument:             -Dfile.encoding=UTF-8
17-Dec-2025 16:31:56.375 INFO [main] org.apache.catalina.startup.VersionLoggerListener.log Command line argument:             -Dsun.stdout.encoding=UTF-8
17-Dec-2025 16:31:56.375 INFO [main] org.apache.catalina.startup.VersionLoggerListener.log Command line argument:             -Dsun.stderr.encoding=UTF-8
17-Dec-2025 16:31:56.379 INFO [main] org.apache.catalina.core.AprLifecycleListener.lifecycleEvent La biblioteca nativa de Apache Tomcat basada en ARP que permite un rendimiento óptimo en entornos de desarrollo no ha sido hallada en java.library.path: [C:\Users\jjnam\.jdks\openjdk-25\bin;C:\WINDOWS\Sun\Java\bin;C:\WINDOWS\system32;C:\WINDOWS;C:\Program Files\Common Files\Oracle\Java\javapath;C:\WINDOWS\system32;C:\WINDOWS;C:\WINDOWS\System32\Wbem;C:\WINDOWS\System32\WindowsPowerShell\v1.0\;C:\WINDOWS\System32\OpenSSH\;C:\Program Files\Git\cmd;C:\Program Files\Autofirma\Autofirma;C:\Program Files\dotnet\;C:\Program Files\Microsoft SQL Server\150\Tools\Binn\;C:\Program Files\Microsoft SQL Server\Client SDK\ODBC\170\Tools\Binn\;C:\Users\jjnam\AppData\Local\Microsoft\WindowsApps;C:\Users\jjnam\AppData\Roaming\npm;C:\Users\jjnam\AppData\Local\Programs\Microsoft VS Code\bin;C:\Users\jjnam\AppData\Local\gitkraken\bin;C:\Users\jjnam\AppData\Local\Android\Sdk\emulator;C:\Users\jjnam\.dotnet\tools;C:\Users\jjnam\AppData\Local\nvm;C:\nvm4w\nodejs;C:\Users\jjnam\AppData\Local\nvm;C:\nvm4w\nodejs;C:\Users\jjnam\AppData\Local\nvm;C:\nvm4w\nodejs;;.]
17-Dec-2025 16:31:56.557 INFO [main] org.apache.coyote.AbstractProtocol.init Inicializando el manejador de protocolo ["http-nio-8080"]

17-Dec-2025 16:31:56.567 INFO [main] org.apache.catalina.startup.Catalina.load Server initialization in [312] milliseconds
17-Dec-2025 16:31:56.602 INFO [main] org.apache.catalina.core.StandardService.startInternal Arrancando servicio [Catalina]
17-Dec-2025 16:31:56.602 INFO [main] org.apache.catalina.core.StandardEngine.startInternal Starting Servlet engine: [Apache Tomcat/9.0.112]
17-Dec-2025 16:31:56.610 INFO [main] org.apache.catalina.startup.HostConfig.deployDescriptor Desplieque del descriptor de configuración [C:\Users\jjnam\Desktop\PiononosFactory\src\main\webapp\conf\Catalina\localhost\ROOT.xml]
17-Dec-2025 16:31:57.031 INFO [main] org.apache.jasper.servlet.TldScanner.scanJars Al menos un JAR, que se ha explorado buscando TLDs, aún no contenía TLDs. Activar historial de depuración para este historiador para una completa lista de los JARs que fueron explorados y de los que nos se halló TLDs. Saltarse JARs no necesarios durante la exploración puede dar lugar a una mejora de tiempo significativa en el arranque y compilación de JSP .
17-Dec-2025 16:31:57.083 INFO [main] org.apache.catalina.startup.HostConfig.deployDescriptor Deployment of deployment descriptor [C:\Users\jjnam\Desktop\PiononosFactory\src\main\webapp\conf\Catalina\localhost\ROOT.xml] has finished in [469] ms
17-Dec-2025 16:31:57.086 INFO [main] org.apache.coyote.AbstractProtocol.start Starting ProtocolHandler ["http-nio-8080"]
17-Dec-2025 16:31:57.108 INFO [main] org.apache.catalina.startup.Catalina.start Server startup in [539] milliseconds
17-Dec-2025 16:32:52.863 INFO [Thread-1] org.apache.coyote.AbstractProtocol.pause Pausing ProtocolHandler ["http-nio-8080"]
17-Dec-2025 16:32:52.886 INFO [Thread-1] org.apache.catalina.core.StandardService.stopInternal Parando servicio [Catalina]
17-Dec-2025 16:32:52.892 WARNING [Thread-1] org.apache.catalina.loader.WebappClassLoaderBase.clearReferencesJdbc La aplicación web [ROOT] registró el conductor JDBC [org.postgresql.Driver] pero falló al anular el registro mientras la aplicación web estaba parada. Para prevenir un fallo de memoria, se ha anulado el registro del conductor JDBC por la fuerza.
17-Dec-2025 16:32:52.895 INFO [Thread-1] org.apache.coyote.AbstractProtocol.stop Stopping ProtocolHandler ["http-nio-8080"]
17-Dec-2025 16:32:52.907 INFO [Thread-1] org.apache.coyote.AbstractProtocol.destroy Destroying ProtocolHandler ["http-nio-8080"]
